<?xml version="1.0" encoding="UTF-8"?>
<!-- Generated by org.testng.reporters.JUnitXMLReporter -->
<testsuite hostname="dell-PC" ignored="0" name="Thinkitive Assignment" tests="5" failures="1" timestamp="17 Dec 2020 11:47:58 GMT" time="324.434" errors="0">
  <testcase name="testAlibabaSite" time="307.82" classname="com.thinkitiveAssignment.Assignment2.Assignment2">
    <failure type="org.openqa.selenium.NoSuchElementException" message="no such element: Unable to locate element: {&amp;quot;method&amp;quot;:&amp;quot;xpath&amp;quot;,&amp;quot;selector&amp;quot;:&amp;quot;//div[@class=&amp;apos;organic-gallery-offer-outter J-offer-wrapper&amp;apos;]/div[@data-pid=&amp;apos;1600100308461&amp;apos;]/child::div[@class=&amp;apos;organic-gallery-offer-section__title&amp;apos;]/h4/div/p&amp;quot;}
  (Session info: chrome=87.0.4280.88)
For documentation on this error, please visit: http://seleniumhq.org/exceptions/no_such_element.html
Build info: version: &amp;apos;3.14.0&amp;apos;, revision: &amp;apos;aacccce0&amp;apos;, time: &amp;apos;2018-08-02T20:19:58.91Z&amp;apos;
System info: host: &amp;apos;DELL-PC&amp;apos;, ip: &amp;apos;192.168.228.1&amp;apos;, os.name: &amp;apos;Windows 7&amp;apos;, os.arch: &amp;apos;amd64&amp;apos;, os.version: &amp;apos;6.1&amp;apos;, java.version: &amp;apos;1.8.0_91&amp;apos;
Driver info: org.openqa.selenium.chrome.ChromeDriver
Capabilities {acceptInsecureCerts: false, browserName: chrome, browserVersion: 87.0.4280.88, chrome: {chromedriverVersion: 87.0.4280.88 (89e2380a3e36c..., userDataDir: C:\Users\dell\AppData\Local...}, goog:chromeOptions: {debuggerAddress: localhost:49435}, javascriptEnabled: true, networkConnectionEnabled: false, pageLoadStrategy: normal, platform: WINDOWS, platformName: WINDOWS, proxy: Proxy(), setWindowRect: true, strictFileInteractability: false, timeouts: {implicit: 0, pageLoad: 300000, script: 30000}, unhandledPromptBehavior: dismiss and notify, webauthn:virtualAuthenticators: true}
Session ID: 8069b5e80cadd83ad9094b715a0b8f47
*** Element info: {Using=xpath, value=//div[@class=&amp;apos;organic-gallery-offer-outter J-offer-wrapper&amp;apos;]/div[@data-pid=&amp;apos;1600100308461&amp;apos;]/child::div[@class=&amp;apos;organic-gallery-offer-section__title&amp;apos;]/h4/div/p}">
      <![CDATA[org.openqa.selenium.NoSuchElementException: no such element: Unable to locate element: {"method":"xpath","selector":"//div[@class='organic-gallery-offer-outter J-offer-wrapper']/div[@data-pid='1600100308461']/child::div[@class='organic-gallery-offer-section__title']/h4/div/p"}
  (Session info: chrome=87.0.4280.88)
For documentation on this error, please visit: http://seleniumhq.org/exceptions/no_such_element.html
Build info: version: '3.14.0', revision: 'aacccce0', time: '2018-08-02T20:19:58.91Z'
System info: host: 'DELL-PC', ip: '192.168.228.1', os.name: 'Windows 7', os.arch: 'amd64', os.version: '6.1', java.version: '1.8.0_91'
Driver info: org.openqa.selenium.chrome.ChromeDriver
Capabilities {acceptInsecureCerts: false, browserName: chrome, browserVersion: 87.0.4280.88, chrome: {chromedriverVersion: 87.0.4280.88 (89e2380a3e36c..., userDataDir: C:\Users\dell\AppData\Local...}, goog:chromeOptions: {debuggerAddress: localhost:49435}, javascriptEnabled: true, networkConnectionEnabled: false, pageLoadStrategy: normal, platform: WINDOWS, platformName: WINDOWS, proxy: Proxy(), setWindowRect: true, strictFileInteractability: false, timeouts: {implicit: 0, pageLoad: 300000, script: 30000}, unhandledPromptBehavior: dismiss and notify, webauthn:virtualAuthenticators: true}
Session ID: 8069b5e80cadd83ad9094b715a0b8f47
*** Element info: {Using=xpath, value=//div[@class='organic-gallery-offer-outter J-offer-wrapper']/div[@data-pid='1600100308461']/child::div[@class='organic-gallery-offer-section__title']/h4/div/p}
at org.openqa.selenium.remote.http.W3CHttpResponseCodec.createException(W3CHttpResponseCodec.java:187)
at org.openqa.selenium.remote.http.W3CHttpResponseCodec.decode(W3CHttpResponseCodec.java:122)
at org.openqa.selenium.remote.http.W3CHttpResponseCodec.decode(W3CHttpResponseCodec.java:49)
at org.openqa.selenium.remote.HttpCommandExecutor.execute(HttpCommandExecutor.java:158)
at org.openqa.selenium.remote.service.DriverCommandExecutor.execute(DriverCommandExecutor.java:83)
at org.openqa.selenium.remote.RemoteWebDriver.execute(RemoteWebDriver.java:548)
at org.openqa.selenium.remote.RemoteWebDriver.findElement(RemoteWebDriver.java:322)
at org.openqa.selenium.remote.RemoteWebDriver.findElementByXPath(RemoteWebDriver.java:424)
at org.openqa.selenium.By$ByXPath.findElement(By.java:353)
at org.openqa.selenium.remote.RemoteWebDriver.findElement(RemoteWebDriver.java:314)
at com.thinkitiveAssignment.uiActions.SearchResultPage.getTextBelowProductTitle(SearchResultPage.java:80)
at com.thinkitiveAssignment.uiActions.SearchResultPage.fetchData(SearchResultPage.java:309)
at com.thinkitiveAssignment.Assignment2.Assignment2.testAlibabaSite(Assignment2.java:47)
... Removed 33 stack frames]]>
    </failure>
  </testcase> <!-- testAlibabaSite -->
  <testcase name="testMultiplier2darrayResult" time="0.063" classname="com.thinkitiveAssignment.Assignment1.Assignment1"/>
  <testcase name="testMultiplierMethodMultipleRowResult" time="0.016" classname="com.thinkitiveAssignment.Assignment1.Assignment1"/>
  <testcase name="testMultiplierMethodSingleRowResult" time="0.0" classname="com.thinkitiveAssignment.Assignment1.Assignment1"/>
  <testcase name="testArray" time="0.0" classname="com.thinkitiveAssignment.Assignment1.test"/>
</testsuite> <!-- Thinkitive Assignment -->
